#
# There is insufficient memory for the Java Runtime Environment to continue.
# Native memory allocation (malloc) failed to allocate 32744 bytes for ChunkPool::allocate
# Possible reasons:
#   The system is out of physical RAM or swap space
#   In 32 bit mode, the process size limit was hit
# Possible solutions:
#   Reduce memory load on the system
#   Increase physical memory or swap space
#   Check if swap backing store is full
#   Use 64 bit Java on a 64 bit OS
#   Decrease Java heap size (-Xmx/-Xms)
#   Decrease number of Java threads
#   Decrease Java thread stack sizes (-Xss)
#   Set larger code cache with -XX:ReservedCodeCacheSize=
# This output file may be truncated or incomplete.
#
#  Out of Memory Error (allocation.cpp:273), pid=5984, tid=0x0000000000002b3c
#
# JRE version: Java(TM) SE Runtime Environment (8.0_121-b13) (build 1.8.0_121-b13)
# Java VM: Java HotSpot(TM) 64-Bit Server VM (25.121-b13 mixed mode windows-amd64 compressed oops)
# Failed to write core dump. Minidumps are not enabled by default on client versions of Windows
#

---------------  T H R E A D  ---------------

Current thread (0x000000000257e800):  JavaThread "main" [_thread_in_vm, id=11068, stack(0x0000000000960000,0x0000000000a60000)]

Stack: [0x0000000000960000,0x0000000000a60000]
[error occurred during error reporting (printing stack bounds), id 0xc0000005]

Native frames: (J=compiled Java code, j=interpreted, Vv=VM code, C=native code)

Java frames: (J=compiled Java code, j=interpreted, Vv=VM code)
J 480  java.lang.ClassLoader.defineClass1(Ljava/lang/String;[BIILjava/security/ProtectionDomain;Ljava/lang/String;)Ljava/lang/Class; (0 bytes) @ 0x00000000027c789f [0x00000000027c7800+0x9f]
J 495 C1 java.lang.ClassLoader.defineClass(Ljava/lang/String;[BIILjava/security/ProtectionDomain;)Ljava/lang/Class; (43 bytes) @ 0x00000000027e626c [0x00000000027e5c80+0x5ec]
J 451 C1 java.net.URLClassLoader.defineClass(Ljava/lang/String;Lsun/misc/Resource;)Ljava/lang/Class; (142 bytes) @ 0x00000000027b23cc [0x00000000027b0840+0x1b8c]
J 387 C1 java.net.URLClassLoader$1.run()Ljava/lang/Class; (63 bytes) @ 0x00000000027741ac [0x0000000002773ee0+0x2cc]
J 386 C1 java.net.URLClassLoader$1.run()Ljava/lang/Object; (5 bytes) @ 0x0000000002773b4c [0x0000000002773ac0+0x8c]
v  ~StubRoutines::call_stub
J 169  java.security.AccessController.doPrivileged(Ljava/security/PrivilegedExceptionAction;Ljava/security/AccessControlContext;)Ljava/lang/Object; (0 bytes) @ 0x00000000026f3e26 [0x00000000026f3dc0+0x66]
J 1629 C2 java.net.URLClassLoader.findClass(Ljava/lang/String;)Ljava/lang/Class; (47 bytes) @ 0x0000000002ae637c [0x0000000002ae62e0+0x9c]
J 1571 C2 java.lang.ClassLoader.loadClass(Ljava/lang/String;Z)Ljava/lang/Class; (122 bytes) @ 0x0000000002acacb0 [0x0000000002aca360+0x950]
J 343 C1 sun.misc.Launcher$AppClassLoader.loadClass(Ljava/lang/String;Z)Ljava/lang/Class; (85 bytes) @ 0x00000000027510cc [0x0000000002750700+0x9cc]
J 342 C1 java.lang.ClassLoader.loadClass(Ljava/lang/String;)Ljava/lang/Class; (7 bytes) @ 0x000000000274de4c [0x000000000274dd40+0x10c]
v  ~StubRoutines::call_stub
j  java.lang.Class.getDeclaredMethods0(Z)[Ljava/lang/reflect/Method;+0
J 696 C1 java.lang.Class.privateGetDeclaredMethods(Z)[Ljava/lang/reflect/Method; (67 bytes) @ 0x00000000028581e4 [0x0000000002857ec0+0x324]
j  java.lang.Class.privateGetPublicMethods()[Ljava/lang/reflect/Method;+33
j  java.lang.Class.getMethods()[Ljava/lang/reflect/Method;+10
j  org.hibernate.service.internal.AbstractServiceRegistryImpl.applyInjections(Lorg/hibernate/service/Service;)V+4
j  org.hibernate.service.internal.AbstractServiceRegistryImpl.injectDependencies(Lorg/hibernate/service/spi/ServiceBinding;)V+7
j  org.hibernate.service.internal.AbstractServiceRegistryImpl.initializeService(Lorg/hibernate/service/spi/ServiceBinding;)Lorg/hibernate/service/Service;+45
j  org.hibernate.service.internal.AbstractServiceRegistryImpl.getService(Ljava/lang/Class;)Lorg/hibernate/service/Service;+88
j  org.hibernate.service.internal.SessionFactoryServiceRegistryImpl.getService(Ljava/lang/Class;)Lorg/hibernate/service/Service;+35
j  org.hibernate.internal.SessionFactoryImpl.getStatistics()Lorg/hibernate/stat/spi/StatisticsImplementor;+15
j  org.hibernate.internal.SessionImpl.<init>(Lorg/hibernate/internal/SessionFactoryImpl;Lorg/hibernate/internal/SessionCreationOptions;)V+117
j  org.hibernate.internal.SessionFactoryImpl$SessionBuilderImpl.openSession()Lorg/hibernate/Session;+21
j  org.hibernate.internal.SessionFactoryImpl.openSession()Lorg/hibernate/Session;+23
j  com.telusko.MavenHibernate.App.main([Ljava/lang/String;)V+48
v  ~StubRoutines::call_stub

---------------  P R O C E S S  ---------------

Java Threads: ( => current thread )
  0x000000001b8cb800 JavaThread "Hibernate Connection Pool Validation Thread" daemon [_thread_blocked, id=8968, stack(0x000000001c9b0000,0x000000001cab0000)]
  0x000000001a7fe800 JavaThread "mysql-cj-abandoned-connection-cleanup" daemon [_thread_blocked, id=5024, stack(0x000000001b4e0000,0x000000001b5e0000)]
  0x0000000019be2800 JavaThread "Service Thread" daemon [_thread_blocked, id=1580, stack(0x0000000019fa0000,0x000000001a0a0000)]
  0x0000000018251000 JavaThread "C1 CompilerThread2" daemon [_thread_blocked, id=2072, stack(0x0000000019aa0000,0x0000000019ba0000)]
  0x0000000018243000 JavaThread "C2 CompilerThread1" daemon [_thread_in_native, id=10344, stack(0x00000000199a0000,0x0000000019aa0000)]
  0x000000001823f800 JavaThread "C2 CompilerThread0" daemon [_thread_in_native, id=7532, stack(0x00000000198a0000,0x00000000199a0000)]
  0x000000001823e000 JavaThread "Attach Listener" daemon [_thread_blocked, id=1036, stack(0x00000000197a0000,0x00000000198a0000)]
  0x000000001823c800 JavaThread "Signal Dispatcher" daemon [_thread_blocked, id=9928, stack(0x00000000196a0000,0x00000000197a0000)]
  0x000000000232b000 JavaThread "Finalizer" daemon [_thread_blocked, id=12412, stack(0x00000000194a0000,0x00000000195a0000)]
  0x0000000002322000 JavaThread "Reference Handler" daemon [_thread_blocked, id=5364, stack(0x00000000193a0000,0x00000000194a0000)]
=>0x000000000257e800 JavaThread "main" [_thread_in_vm, id=11068, stack(0x0000000000960000,0x0000000000a60000)]

Other Threads:
  0x0000000018207000 VMThread [stack: 0x00000000192a0000,0x00000000193a0000] [id=2384]
  0x0000000019be7000 WatcherThread [stack: 0x000000001a0a0000,0x000000001a1a0000] [id=14312]

VM state:not at safepoint (normal execution)

VM Mutex/Monitor currently owned by a thread: None

Heap:
 PSYoungGen      total 82432K, used 62869K [0x000000078b500000, 0x0000000791200000, 0x00000007c0000000)
  eden space 80384K, 78% used [0x000000078b500000,0x000000078f2654f8,0x0000000790380000)
  from space 2048K, 0% used [0x0000000790a00000,0x0000000790a00000,0x0000000790c00000)
  to   space 6656K, 0% used [0x0000000790380000,0x0000000790380000,0x0000000790a00000)
 ParOldGen       total 72192K, used 5986K [0x0000000721e00000, 0x0000000726480000, 0x000000078b500000)
  object space 72192K, 8% used [0x0000000721e00000,0x00000007223d8988,0x0000000726480000)
 Metaspace       used 32497K, capacity 32930K, committed 33408K, reserved 1077248K
  class space    used 4570K, capacity 4709K, committed 4736K, reserved 1048576K

Card table byte_map: [0x0000000011940000,0x0000000011e40000] byte_map_base: 0x000000000e031000

Marking Bits: (ParMarkBitMap*) 0x0000000071a0b6d0
 Begin Bits: [0x0000000012490000, 0x0000000014c18000)
 End Bits:   [0x0000000014c18000, 0x00000000173a0000)

Polling page: 0x0000000000510000

CodeCache: size=245760Kb used=5990Kb max_used=5990Kb free=239769Kb
 bounds [0x0000000002580000, 0x0000000002b60000, 0x0000000011580000]
 total_blobs=2292 nmethods=1787 adapters=417
 compilation: enabled

Compilation events (10 events):
Event: 3.859 Thread 0x0000000018251000 1787       3       java.lang.System::getProperty (25 bytes)
Event: 3.860 Thread 0x0000000018251000 nmethod 1787 0x0000000002b461d0 code [0x0000000002b46400, 0x0000000002b46e98]
Event: 3.860 Thread 0x0000000018251000 1788       3       java.util.Properties::saveConvert (434 bytes)
Event: 3.873 Thread 0x0000000018251000 nmethod 1788 0x0000000002b47490 code [0x0000000002b47f20, 0x0000000002b51fb8]
Event: 3.889 Thread 0x0000000018251000 1789       3       java.io.Writer::write (11 bytes)
Event: 3.890 Thread 0x0000000018251000 nmethod 1789 0x0000000002b5abd0 code [0x0000000002b5ad40, 0x0000000002b5b048]
Event: 3.890 Thread 0x0000000018251000 1791   !   3       java.io.BufferedWriter::write (117 bytes)
Event: 3.891 Thread 0x0000000018251000 nmethod 1791 0x0000000002b5b190 code [0x0000000002b5b360, 0x0000000002b5bac8]
Event: 3.891 Thread 0x0000000018251000 1790       3       java.io.BufferedWriter::ensureOpen (18 bytes)
Event: 3.891 Thread 0x0000000018251000 nmethod 1790 0x0000000002b5bf10 code [0x0000000002b5c080, 0x0000000002b5c2c8]

GC Heap History (10 events):
Event: 0.214 GC heap before
{Heap before GC invocations=1 (full 0):
 PSYoungGen      total 47616K, used 40920K [0x000000078b500000, 0x000000078ea00000, 0x00000007c0000000)
  eden space 40960K, 99% used [0x000000078b500000,0x000000078dcf6198,0x000000078dd00000)
  from space 6656K, 0% used [0x000000078e380000,0x000000078e380000,0x000000078ea00000)
  to   space 6656K, 0% used [0x000000078dd00000,0x000000078dd00000,0x000000078e380000)
 ParOldGen       total 109568K, used 0K [0x0000000721e00000, 0x0000000728900000, 0x000000078b500000)
  object space 109568K, 0% used [0x0000000721e00000,0x0000000721e00000,0x0000000728900000)
 Metaspace       used 2775K, capacity 4486K, committed 4864K, reserved 1056768K
  class space    used 302K, capacity 386K, committed 512K, reserved 1048576K
Event: 0.217 GC heap after
Heap after GC invocations=1 (full 0):
 PSYoungGen      total 47616K, used 636K [0x000000078b500000, 0x0000000791200000, 0x00000007c0000000)
  eden space 40960K, 0% used [0x000000078b500000,0x000000078b500000,0x000000078dd00000)
  from space 6656K, 9% used [0x000000078dd00000,0x000000078dd9f0a0,0x000000078e380000)
  to   space 6656K, 0% used [0x0000000790b80000,0x0000000790b80000,0x0000000791200000)
 ParOldGen       total 109568K, used 0K [0x0000000721e00000, 0x0000000728900000, 0x000000078b500000)
  object space 109568K, 0% used [0x0000000721e00000,0x0000000721e00000,0x0000000728900000)
 Metaspace       used 2775K, capacity 4486K, committed 4864K, reserved 1056768K
  class space    used 302K, capacity 386K, committed 512K, reserved 1048576K
}
Event: 0.860 GC heap before
{Heap before GC invocations=2 (full 0):
 PSYoungGen      total 47616K, used 41596K [0x000000078b500000, 0x0000000791200000, 0x00000007c0000000)
  eden space 40960K, 100% used [0x000000078b500000,0x000000078dd00000,0x000000078dd00000)
  from space 6656K, 9% used [0x000000078dd00000,0x000000078dd9f0a0,0x000000078e380000)
  to   space 6656K, 0% used [0x0000000790b80000,0x0000000790b80000,0x0000000791200000)
 ParOldGen       total 109568K, used 0K [0x0000000721e00000, 0x0000000728900000, 0x000000078b500000)
  object space 109568K, 0% used [0x0000000721e00000,0x0000000721e00000,0x0000000728900000)
 Metaspace       used 8382K, capacity 8510K, committed 8704K, reserved 1056768K
  class space    used 1135K, capacity 1179K, committed 1280K, reserved 1048576K
Event: 0.865 GC heap after
Heap after GC invocations=2 (full 0):
 PSYoungGen      total 46080K, used 4620K [0x000000078b500000, 0x0000000791080000, 0x00000007c0000000)
  eden space 40960K, 0% used [0x000000078b500000,0x000000078b500000,0x000000078dd00000)
  from space 5120K, 90% used [0x0000000790b80000,0x0000000791003020,0x0000000791080000)
  to   space 6656K, 0% used [0x0000000790380000,0x0000000790380000,0x0000000790a00000)
 ParOldGen       total 109568K, used 8K [0x0000000721e00000, 0x0000000728900000, 0x000000078b500000)
  object space 109568K, 0% used [0x0000000721e00000,0x0000000721e02000,0x0000000728900000)
 Metaspace       used 8382K, capacity 8510K, committed 8704K, reserved 1056768K
  class space    used 1135K, capacity 1179K, committed 1280K, reserved 1048576K
}
Event: 2.136 GC heap before
{Heap before GC invocations=3 (full 0):
 PSYoungGen      total 46080K, used 45580K [0x000000078b500000, 0x0000000791080000, 0x00000007c0000000)
  eden space 40960K, 100% used [0x000000078b500000,0x000000078dd00000,0x000000078dd00000)
  from space 5120K, 90% used [0x0000000790b80000,0x0000000791003020,0x0000000791080000)
  to   space 6656K, 0% used [0x0000000790380000,0x0000000790380000,0x0000000790a00000)
 ParOldGen       total 109568K, used 8K [0x0000000721e00000, 0x0000000728900000, 0x000000078b500000)
  object space 109568K, 0% used [0x0000000721e00000,0x0000000721e02000,0x0000000728900000)
 Metaspace       used 20517K, capacity 20778K, committed 21120K, reserved 1067008K
  class space    used 2791K, capacity 2886K, committed 2944K, reserved 1048576K
Event: 2.148 GC heap after
Heap after GC invocations=3 (full 0):
 PSYoungGen      total 47616K, used 6649K [0x000000078b500000, 0x0000000790c00000, 0x00000007c0000000)
  eden space 40960K, 0% used [0x000000078b500000,0x000000078b500000,0x000000078dd00000)
  from space 6656K, 99% used [0x0000000790380000,0x00000007909fe488,0x0000000790a00000)
  to   space 2048K, 0% used [0x0000000790a00000,0x0000000790a00000,0x0000000790c00000)
 ParOldGen       total 109568K, used 3892K [0x0000000721e00000, 0x0000000728900000, 0x000000078b500000)
  object space 109568K, 3% used [0x0000000721e00000,0x00000007221cd3a0,0x0000000728900000)
 Metaspace       used 20517K, capacity 20778K, committed 21120K, reserved 1067008K
  class space    used 2791K, capacity 2886K, committed 2944K, reserved 1048576K
}
Event: 2.350 GC heap before
{Heap before GC invocations=4 (full 0):
 PSYoungGen      total 47616K, used 10060K [0x000000078b500000, 0x0000000790c00000, 0x00000007c0000000)
  eden space 40960K, 8% used [0x000000078b500000,0x000000078b854dd8,0x000000078dd00000)
  from space 6656K, 99% used [0x0000000790380000,0x00000007909fe488,0x0000000790a00000)
  to   space 2048K, 0% used [0x0000000790a00000,0x0000000790a00000,0x0000000790c00000)
 ParOldGen       total 109568K, used 3892K [0x0000000721e00000, 0x0000000728900000, 0x000000078b500000)
  object space 109568K, 3% used [0x0000000721e00000,0x00000007221cd3a0,0x0000000728900000)
 Metaspace       used 20882K, capacity 21136K, committed 21296K, reserved 1067008K
  class space    used 2823K, capacity 2919K, committed 2944K, reserved 1048576K
Event: 2.358 GC heap after
Heap after GC invocations=4 (full 0):
 PSYoungGen      total 82432K, used 2037K [0x000000078b500000, 0x0000000791200000, 0x00000007c0000000)
  eden space 80384K, 0% used [0x000000078b500000,0x000000078b500000,0x0000000790380000)
  from space 2048K, 99% used [0x0000000790a00000,0x0000000790bfd780,0x0000000790c00000)
  to   space 6656K, 0% used [0x0000000790380000,0x0000000790380000,0x0000000790a00000)
 ParOldGen       total 109568K, used 7870K [0x0000000721e00000, 0x0000000728900000, 0x000000078b500000)
  object space 109568K, 7% used [0x0000000721e00000,0x00000007225afa58,0x0000000728900000)
 Metaspace       used 20882K, capacity 21136K, committed 21296K, reserved 1067008K
  class space    used 2823K, capacity 2919K, committed 2944K, reserved 1048576K
}
Event: 2.358 GC heap before
{Heap before GC invocations=5 (full 1):
 PSYoungGen      total 82432K, used 2037K [0x000000078b500000, 0x0000000791200000, 0x00000007c0000000)
  eden space 80384K, 0% used [0x000000078b500000,0x000000078b500000,0x0000000790380000)
  from space 2048K, 99% used [0x0000000790a00000,0x0000000790bfd780,0x0000000790c00000)
  to   space 6656K, 0% used [0x0000000790380000,0x0000000790380000,0x0000000790a00000)
 ParOldGen       total 109568K, used 7870K [0x0000000721e00000, 0x0000000728900000, 0x000000078b500000)
  object space 109568K, 7% used [0x0000000721e00000,0x00000007225afa58,0x0000000728900000)
 Metaspace       used 20882K, capacity 21136K, committed 21296K, reserved 1067008K
  class space    used 2823K, capacity 2919K, committed 2944K, reserved 1048576K
Event: 2.390 GC heap after
Heap after GC invocations=5 (full 1):
 PSYoungGen      total 82432K, used 0K [0x000000078b500000, 0x0000000791200000, 0x00000007c0000000)
  eden space 80384K, 0% used [0x000000078b500000,0x000000078b500000,0x0000000790380000)
  from space 2048K, 0% used [0x0000000790a00000,0x0000000790a00000,0x0000000790c00000)
  to   space 6656K, 0% used [0x0000000790380000,0x0000000790380000,0x0000000790a00000)
 ParOldGen       total 72192K, used 5986K [0x0000000721e00000, 0x0000000726480000, 0x000000078b500000)
  object space 72192K, 8% used [0x0000000721e00000,0x00000007223d8988,0x0000000726480000)
 Metaspace       used 20882K, capacity 21136K, committed 21296K, reserved 1067008K
  class space    used 2823K, capacity 2919K, committed 2944K, reserved 1048576K
}

Deoptimization events (10 events):
Event: 1.919 Thread 0x000000000257e800 Uncommon trap: reason=unstable_if action=reinterpret pc=0x00000000028f54b8 method=java.util.Properties.loadConvert([CII[C)Ljava/lang/String; @ 4
Event: 1.931 Thread 0x000000000257e800 Uncommon trap: reason=unstable_if action=reinterpret pc=0x00000000028d8224 method=sun.misc.ASCIICaseInsensitiveComparator.compare(Ljava/lang/String;Ljava/lang/String;)I @ 83
Event: 1.972 Thread 0x000000000257e800 Uncommon trap: reason=unstable_if action=reinterpret pc=0x0000000002876f50 method=java.util.HashMap.putVal(ILjava/lang/Object;Ljava/lang/Object;ZZ)Ljava/lang/Object; @ 236
Event: 1.983 Thread 0x000000000257e800 Uncommon trap: reason=unstable_if action=reinterpret pc=0x00000000028734fc method=java.lang.CharacterDataLatin1.isWhitespace(I)Z @ 14
Event: 2.177 Thread 0x000000000257e800 Uncommon trap: reason=unstable_if action=reinterpret pc=0x00000000028a3814 method=java.lang.String.regionMatches(ZILjava/lang/String;II)Z @ 123
Event: 2.177 Thread 0x000000000257e800 Uncommon trap: reason=unstable_if action=reinterpret pc=0x00000000028da2a0 method=java.lang.String.regionMatches(ZILjava/lang/String;II)Z @ 123
Event: 2.178 Thread 0x000000000257e800 Uncommon trap: reason=unstable_if action=reinterpret pc=0x0000000002985b6c method=java.io.ByteArrayInputStream.read()I @ 8
Event: 2.426 Thread 0x000000000257e800 Uncommon trap: reason=bimorphic action=maybe_recompile pc=0x0000000002916e64 method=java.util.Properties$LineReader.readLine()I @ 62
Event: 2.426 Thread 0x000000000257e800 Uncommon trap: reason=class_check action=maybe_recompile pc=0x0000000002916e94 method=java.util.Properties$LineReader.readLine()I @ 410
Event: 2.426 Thread 0x000000000257e800 Uncommon trap: reason=bimorphic action=maybe_recompile pc=0x0000000002916e64 method=java.util.Properties$LineReader.readLine()I @ 62

Internal exceptions (10 events):
Event: 0.408 Thread 0x000000000257e800 Exception <a 'java/security/PrivilegedActionException'> (0x000000078cc9f768) thrown at [C:\re\workspace\8-2-build-windows-amd64-cygwin\jdk8u121\8372\hotspot\src\share\vm\prims\jvm.cpp, line 1390]
Event: 0.513 Thread 0x000000000257e800 Exception <a 'java/lang/NoSuchFieldError': method resolution failed> (0x000000078cee1938) thrown at [C:\re\workspace\8-2-build-windows-amd64-cygwin\jdk8u121\8372\hotspot\src\share\vm\prims\methodHandles.cpp, line 1146]
Event: 0.515 Thread 0x000000000257e800 Exception <a 'java/lang/NoSuchFieldError': method resolution failed> (0x000000078ceeec88) thrown at [C:\re\workspace\8-2-build-windows-amd64-cygwin\jdk8u121\8372\hotspot\src\share\vm\prims\methodHandles.cpp, line 1146]
Event: 0.916 Thread 0x000000000257e800 Exception <a 'java/lang/ClassNotFoundException': com/sun/org/glassfish/hk2/osgiresourcelocator/ServiceLoader> (0x000000078b682460) thrown at [C:\re\workspace\8-2-build-windows-amd64-cygwin\jdk8u121\8372\hotspot\src\share\vm\classfile\systemDictionary.cpp,
Event: 0.960 Thread 0x000000000257e800 Exception <a 'java/lang/NullPointerException'> (0x000000078b946e38) thrown at [C:\re\workspace\8-2-build-windows-amd64-cygwin\jdk8u121\8372\hotspot\src\share\vm\interpreter\linkResolver.cpp, line 1280]
Event: 1.041 Thread 0x000000000257e800 Exception <a 'java/lang/ArrayIndexOutOfBoundsException': 18> (0x000000078bdc9ce8) thrown at [C:\re\workspace\8-2-build-windows-amd64-cygwin\jdk8u121\8372\hotspot\src\share\vm\interpreter\interpreterRuntime.cpp, line 366]
Event: 1.041 Thread 0x000000000257e800 Exception <a 'java/lang/ArrayIndexOutOfBoundsException': 67> (0x000000078bdcafc0) thrown at [C:\re\workspace\8-2-build-windows-amd64-cygwin\jdk8u121\8372\hotspot\src\share\vm\interpreter\interpreterRuntime.cpp, line 366]
Event: 1.135 Thread 0x000000000257e800 Implicit null exception at 0x00000000027dff56 to 0x00000000027e0305
Event: 1.728 Thread 0x000000000257e800 Implicit null exception at 0x000000000278cb94 to 0x000000000278cf69
Event: 3.084 Thread 0x000000000257e800 Exception <a 'java/lang/NoSuchMethodError': java.lang.Object.lambda$comparing$77a9974f$1(Ljava/util/function/Function;Ljava/lang/Object;Ljava/lang/Object;)I> (0x000000078d27f328) thrown at [C:\re\workspace\8-2-build-windows-amd64-cygwin\jdk8u121\8372\hots

Events (10 events):
Event: 3.942 loading class org/hibernate/stat/internal/AbstractCacheableDataStatistics
Event: 3.942 loading class org/hibernate/stat/internal/AbstractCacheableDataStatistics done
Event: 3.942 loading class org/hibernate/stat/internal/CollectionStatisticsImpl
Event: 3.942 loading class org/hibernate/stat/internal/CollectionStatisticsImpl done
Event: 3.946 loading class org/hibernate/stat/internal/QueryStatisticsImpl
Event: 3.946 loading class org/hibernate/stat/internal/QueryStatisticsImpl done
Event: 3.947 loading class org/hibernate/stat/internal/CacheRegionStatisticsImpl
Event: 3.947 loading class org/hibernate/stat/internal/CacheRegionStatisticsImpl done
Event: 3.948 loading class org/hibernate/stat/internal/NaturalIdStatisticsImpl
Event: 3.948 loading class org/hibernate/stat/internal/NaturalIdStatisticsImpl done


Dynamic libraries:
0x00007ff6d85b0000 - 0x00007ff6d85e7000 	C:\Program Files\Java\jdk1.8.0_121\bin\javaw.exe
0x00007ffbe4880000 - 0x00007ffbe4a70000 	C:\WINDOWS\SYSTEM32\ntdll.dll
0x00007ffbe2cc0000 - 0x00007ffbe2d72000 	C:\WINDOWS\System32\KERNEL32.DLL
0x00007ffbe2430000 - 0x00007ffbe26d5000 	C:\WINDOWS\System32\KERNELBASE.dll
0x00007ffbe4670000 - 0x00007ffbe4713000 	C:\WINDOWS\System32\ADVAPI32.dll
0x00007ffbe3e50000 - 0x00007ffbe3eee000 	C:\WINDOWS\System32\msvcrt.dll
0x00007ffbe3d30000 - 0x00007ffbe3dc7000 	C:\WINDOWS\System32\sechost.dll
0x00007ffbe4720000 - 0x00007ffbe4840000 	C:\WINDOWS\System32\RPCRT4.dll
0x00007ffbe38f0000 - 0x00007ffbe3a85000 	C:\WINDOWS\System32\USER32.dll
0x00007ffbe22b0000 - 0x00007ffbe22d1000 	C:\WINDOWS\System32\win32u.dll
0x00007ffbe2e90000 - 0x00007ffbe2eb6000 	C:\WINDOWS\System32\GDI32.dll
0x00007ffbe1810000 - 0x00007ffbe19a6000 	C:\WINDOWS\System32\gdi32full.dll
0x00007ffbe2210000 - 0x00007ffbe22ae000 	C:\WINDOWS\System32\msvcp_win.dll
0x00007ffbe26e0000 - 0x00007ffbe27da000 	C:\WINDOWS\System32\ucrtbase.dll
0x00007ffbd1cb0000 - 0x00007ffbd1f34000 	C:\WINDOWS\WinSxS\amd64_microsoft.windows.common-controls_6595b64144ccf1df_6.0.18362.1082_none_9e8193e1e45b25c1\COMCTL32.dll
0x00007ffbe35b0000 - 0x00007ffbe38e5000 	C:\WINDOWS\System32\combase.dll
0x00007ffbe2190000 - 0x00007ffbe2210000 	C:\WINDOWS\System32\bcryptPrimitives.dll
0x00007ffbe4640000 - 0x00007ffbe466e000 	C:\WINDOWS\System32\IMM32.DLL
0x0000000071110000 - 0x00000000711e2000 	C:\Program Files\Java\jdk1.8.0_121\jre\bin\msvcr100.dll
0x00000000711f0000 - 0x0000000071a8b000 	C:\Program Files\Java\jdk1.8.0_121\jre\bin\server\jvm.dll
0x00007ffbe3ef0000 - 0x00007ffbe3ef8000 	C:\WINDOWS\System32\PSAPI.DLL
0x00007ffbdd080000 - 0x00007ffbdd089000 	C:\WINDOWS\SYSTEM32\WSOCK32.dll
0x00007ffbe3cc0000 - 0x00007ffbe3d2f000 	C:\WINDOWS\System32\WS2_32.dll
0x00007ffbdf3e0000 - 0x00007ffbdf404000 	C:\WINDOWS\SYSTEM32\WINMM.dll
0x00007ffbd68c0000 - 0x00007ffbd68ca000 	C:\WINDOWS\SYSTEM32\VERSION.dll
0x00007ffbdf040000 - 0x00007ffbdf06d000 	C:\WINDOWS\SYSTEM32\WINMMBASE.dll
0x00007ffbe2310000 - 0x00007ffbe235a000 	C:\WINDOWS\System32\cfgmgr32.dll
0x00000000722e0000 - 0x00000000722ef000 	C:\Program Files\Java\jdk1.8.0_121\jre\bin\verify.dll
0x00000000722b0000 - 0x00000000722d9000 	C:\Program Files\Java\jdk1.8.0_121\jre\bin\java.dll
0x0000000072290000 - 0x00000000722a6000 	C:\Program Files\Java\jdk1.8.0_121\jre\bin\zip.dll
0x00007ffbe2ec0000 - 0x00007ffbe35a7000 	C:\WINDOWS\System32\SHELL32.dll
0x00007ffbe2c10000 - 0x00007ffbe2cb9000 	C:\WINDOWS\System32\shcore.dll
0x00007ffbe1a10000 - 0x00007ffbe2190000 	C:\WINDOWS\System32\windows.storage.dll
0x00007ffbe1770000 - 0x00007ffbe1793000 	C:\WINDOWS\System32\profapi.dll
0x00007ffbe17a0000 - 0x00007ffbe17ea000 	C:\WINDOWS\System32\powrprof.dll
0x00007ffbe1740000 - 0x00007ffbe1750000 	C:\WINDOWS\System32\UMPDC.dll
0x00007ffbe2ad0000 - 0x00007ffbe2b22000 	C:\WINDOWS\System32\shlwapi.dll
0x00007ffbe1750000 - 0x00007ffbe1761000 	C:\WINDOWS\System32\kernel.appcore.dll
0x00007ffbe2410000 - 0x00007ffbe2427000 	C:\WINDOWS\System32\cryptsp.dll
0x00007ffbe0aa0000 - 0x00007ffbe0ad3000 	C:\WINDOWS\system32\rsaenh.dll
0x00007ffbe22e0000 - 0x00007ffbe2306000 	C:\WINDOWS\System32\bcrypt.dll
0x00007ffbe1620000 - 0x00007ffbe1645000 	C:\WINDOWS\SYSTEM32\USERENV.dll
0x00007ffbe1100000 - 0x00007ffbe110c000 	C:\WINDOWS\SYSTEM32\CRYPTBASE.dll
0x0000000072270000 - 0x000000007228a000 	C:\Program Files\Java\jdk1.8.0_121\jre\bin\net.dll
0x00007ffbe0f30000 - 0x00007ffbe0f97000 	C:\WINDOWS\system32\mswsock.dll
0x00007ffbe0c40000 - 0x00007ffbe0c7a000 	C:\WINDOWS\SYSTEM32\IPHLPAPI.DLL
0x00007ffbe3dd0000 - 0x00007ffbe3dd8000 	C:\WINDOWS\System32\NSI.dll
0x00007ffbdb980000 - 0x00007ffbdb996000 	C:\WINDOWS\SYSTEM32\dhcpcsvc6.DLL
0x00007ffbdb9f0000 - 0x00007ffbdba0c000 	C:\WINDOWS\SYSTEM32\dhcpcsvc.DLL
0x00007ffbe0c80000 - 0x00007ffbe0d4b000 	C:\WINDOWS\SYSTEM32\DNSAPI.dll
0x0000000072250000 - 0x0000000072261000 	C:\Program Files\Java\jdk1.8.0_121\jre\bin\nio.dll
0x00007ffbd92c0000 - 0x00007ffbd92ca000 	C:\Windows\System32\rasadhlp.dll
0x00007ffbdadc0000 - 0x00007ffbdae37000 	C:\WINDOWS\System32\fwpuclnt.dll
0x0000000072220000 - 0x0000000072244000 	C:\Program Files\Java\jdk1.8.0_121\jre\bin\sunec.dll
0x0000000072210000 - 0x000000007221b000 	C:\Program Files\Java\jdk1.8.0_121\jre\bin\sunmscapi.dll
0x00007ffbe27e0000 - 0x00007ffbe2929000 	C:\WINDOWS\System32\CRYPT32.dll
0x00007ffbe17f0000 - 0x00007ffbe1802000 	C:\WINDOWS\System32\MSASN1.dll

VM Arguments:
jvm_args: -Dfile.encoding=UTF-8 
java_command: com.telusko.MavenHibernate.App
java_class_path (initial): C:\Users\POPO\PracticeHome\MavenHibernate\target\classes;C:\Users\POPO\.m2\repository\org\hibernate\orm\hibernate-core\6.0.0.Alpha3\hibernate-core-6.0.0.Alpha3.jar;C:\Users\POPO\.m2\repository\org\junit\vintage\junit-vintage-engine\5.3.1\junit-vintage-engine-5.3.1.jar;C:\Users\POPO\.m2\repository\org\apiguardian\apiguardian-api\1.0.0\apiguardian-api-1.0.0.jar;C:\Users\POPO\.m2\repository\org\junit\platform\junit-platform-engine\1.3.1\junit-platform-engine-1.3.1.jar;C:\Users\POPO\.m2\repository\org\junit\platform\junit-platform-commons\1.3.1\junit-platform-commons-1.3.1.jar;C:\Users\POPO\.m2\repository\org\opentest4j\opentest4j\1.1.1\opentest4j-1.1.1.jar;C:\Users\POPO\.m2\repository\org\junit\jupiter\junit-jupiter-engine\5.3.1\junit-jupiter-engine-5.3.1.jar;C:\Users\POPO\.m2\repository\org\junit\jupiter\junit-jupiter-api\5.3.1\junit-jupiter-api-5.3.1.jar;C:\Users\POPO\.m2\repository\org\jboss\logging\jboss-logging\3.3.2.Final\jboss-logging-3.3.2.Final.jar;C:\Users\POPO\.m2\repository\javax\persistence\javax.persistence-api\2.2\javax.persistence-api-2.2.jar;C:\Users\POPO\.m2\repository\org\javassist\javassist\3.24.0-GA\javassist-3.24.0-GA.jar;C:\Users\POPO\.m2\repository\net\bytebuddy\byte-buddy\1.10.2\byte-buddy-1.10.2.jar;C:\Users\POPO\.m2\repository\org\antlr\antlr4\4.7.1\antlr4-4.7.1.jar;C:\Users\POPO\.m2\repository\org\antlr\antlr4-runtime\4.7.1\antlr4-runtime-4.7.1.jar;C:\Users\POPO\.m2\repository\org\antlr\antlr-runtime\3.5.2\antlr-runtime-3.5.2.jar;C:\Users\POPO\.m2\repository\org\antlr\ST4\4.0.8\ST4-4.0.8.jar;C:\Users\POPO\.m2\repository\org\abego\treelayout\org.abego.treelayout.core\1.0.3\org.abego.treelayout.core-1.0.3.jar;C:\Users\POPO\.m2\repository\org\glassfish\javax.json\1.0.4\javax.json-1.0.4.jar;C:\Users\POPO\.m2\repository\com\ibm\icu\icu4j\58.2\icu4j-58.2.jar;C:\Users\POPO\.m2\repository\org\jboss\spec\javax\transaction\jboss-transaction-api_1.2_spec\1.1.1.Final\jboss-transaction-api_1.2_spec-1.1.1.Final.jar;C:\Users\PO
Launcher Type: SUN_STANDARD

Environment Variables:
PATH=C:/Program Files/Java/jdk1.8.0_121/bin/../jre/bin/server;C:/Program Files/Java/jdk1.8.0_121/bin/../jre/bin;C:/Program Files/Java/jdk1.8.0_121/bin/../jre/lib/amd64;C:\oraclexe\app\oracle\product\11.2.0\server\bin;C:\Program Files\Java\jdk1.8.0_121\bin;C:\Program Files\Git\cmd;C:\Program Files\nodejs\;C:\Program Files\Java\jdk1.8.0_121\bin;C:\Users\POPO\Desktop;
USERNAME=Popo
OS=Windows_NT
PROCESSOR_IDENTIFIER=Intel64 Family 6 Model 58 Stepping 9, GenuineIntel



---------------  S Y S T E M  ---------------

OS: Windows 10.0 , 64 bit Build 18362 (10.0.18362.1082)

CPU:total 4 (2 cores per cpu, 2 threads per core) family 6 model 58 stepping 9, cmov, cx8, fxsr, mmx, sse, sse2, sse3, ssse3, sse4.1, sse4.2, popcnt, avx, aes, clmul, erms, ht, tsc, tscinvbit, tscinv

Memory: 4k page, physical 10355076k(3299044k free), swap 12042628k(5056k free)

vm_info: Java HotSpot(TM) 64-Bit Server VM (25.121-b13) for windows-amd64 JRE (1.8.0_121-b13), built on Dec 12 2016 18:21:36 by "java_re" with MS VC++ 10.0 (VS2010)

time: Sat Oct 03 10:32:51 2020
elapsed time: 4 seconds (0d 0h 0m 4s)

